This is pdfTeX, Version 3.1415926-2.5-1.40.14 (MiKTeX 2.9 64-bit) (preloaded format=pdflatex 2014.10.24)  12 OCT 2018 13:58
entering extended mode
**arxiv_EconomicComplexityTutorial.tex

(C:\Users\agomez\Dropbox\Harvard\LittleProjects\StochasticPS\Document\arxiv\arx
iv_EconomicComplexityTutorial.tex
LaTeX2e <2014/05/01>
Babel <3.9l> and hyphenation patterns for 26 languages loaded.
("C:\Program Files\MiKTeX 2.9\tex/latex\base\article.cls"
Document Class: article 2014/09/29 v1.4h Standard LaTeX document class
("C:\Program Files\MiKTeX 2.9\tex/latex\base\size12.clo"
File: size12.clo 2014/09/29 v1.4h Standard LaTeX file (size option)
)
\c@part=\count79
\c@section=\count80
\c@subsection=\count81
\c@subsubsection=\count82
\c@paragraph=\count83
\c@subparagraph=\count84
\c@figure=\count85
\c@table=\count86
\abovecaptionskip=\skip41
\belowcaptionskip=\skip42
\bibindent=\dimen102
)
("C:\Program Files\MiKTeX 2.9\tex/latex\graphics\graphicx.sty"
Package: graphicx 2014/04/25 v1.0g Enhanced LaTeX Graphics (DPC,SPQR)

("C:\Program Files\MiKTeX 2.9\tex/latex\graphics\keyval.sty"
Package: keyval 2014/05/08 v1.15 key=value parser (DPC)
\KV@toks@=\toks14
)
("C:\Program Files\MiKTeX 2.9\tex/latex\graphics\graphics.sty"
Package: graphics 2009/02/05 v1.0o Standard LaTeX Graphics (DPC,SPQR)

("C:\Program Files\MiKTeX 2.9\tex/latex\graphics\trig.sty"
Package: trig 1999/03/16 v1.09 sin cos tan (DPC)
)
("C:\Program Files\MiKTeX 2.9\tex/latex\00miktex\graphics.cfg"
File: graphics.cfg 2007/01/18 v1.5 graphics configuration of teTeX/TeXLive
)
Package graphics Info: Driver file: pdftex.def on input line 91.

("C:\Program Files\MiKTeX 2.9\tex/latex\pdftex-def\pdftex.def"
File: pdftex.def 2011/05/27 v0.06d Graphics/color for pdfTeX

("C:\Program Files\MiKTeX 2.9\tex/generic\oberdiek\infwarerr.sty"
Package: infwarerr 2010/04/08 v1.3 Providing info/warning/error messages (HO)
)
("C:\Program Files\MiKTeX 2.9\tex/generic\oberdiek\ltxcmds.sty"
Package: ltxcmds 2011/11/09 v1.22 LaTeX kernel commands for general use (HO)
)
\Gread@gobject=\count87
))
\Gin@req@height=\dimen103
\Gin@req@width=\dimen104
)
("C:\Program Files\MiKTeX 2.9\tex/latex\amsfonts\amssymb.sty"
Package: amssymb 2013/01/14 v3.01 AMS font symbols

("C:\Program Files\MiKTeX 2.9\tex/latex\amsfonts\amsfonts.sty"
Package: amsfonts 2013/01/14 v3.01 Basic AMSFonts support
\@emptytoks=\toks15
\symAMSa=\mathgroup4
\symAMSb=\mathgroup5
LaTeX Font Info:    Overwriting math alphabet `\mathfrak' in version `bold'
(Font)                  U/euf/m/n --> U/euf/b/n on input line 106.
))
("C:\Program Files\MiKTeX 2.9\tex/latex\amsmath\amsmath.sty"
Package: amsmath 2013/01/14 v2.14 AMS math features
\@mathmargin=\skip43

For additional information on amsmath, use the `?' option.
("C:\Program Files\MiKTeX 2.9\tex/latex\amsmath\amstext.sty"
Package: amstext 2000/06/29 v2.01

("C:\Program Files\MiKTeX 2.9\tex/latex\amsmath\amsgen.sty"
File: amsgen.sty 1999/11/30 v2.0
\@emptytoks=\toks16
\ex@=\dimen105
))
("C:\Program Files\MiKTeX 2.9\tex/latex\amsmath\amsbsy.sty"
Package: amsbsy 1999/11/29 v1.2d
\pmbraise@=\dimen106
)
("C:\Program Files\MiKTeX 2.9\tex/latex\amsmath\amsopn.sty"
Package: amsopn 1999/12/14 v2.01 operator names
)
\inf@bad=\count88
LaTeX Info: Redefining \frac on input line 210.
\uproot@=\count89
\leftroot@=\count90
LaTeX Info: Redefining \overline on input line 306.
\classnum@=\count91
\DOTSCASE@=\count92
LaTeX Info: Redefining \ldots on input line 378.
LaTeX Info: Redefining \dots on input line 381.
LaTeX Info: Redefining \cdots on input line 466.
\Mathstrutbox@=\box26
\strutbox@=\box27
\big@size=\dimen107
LaTeX Font Info:    Redeclaring font encoding OML on input line 566.
LaTeX Font Info:    Redeclaring font encoding OMS on input line 567.
\macc@depth=\count93
\c@MaxMatrixCols=\count94
\dotsspace@=\muskip10
\c@parentequation=\count95
\dspbrk@lvl=\count96
\tag@help=\toks17
\row@=\count97
\column@=\count98
\maxfields@=\count99
\andhelp@=\toks18
\eqnshift@=\dimen108
\alignsep@=\dimen109
\tagshift@=\dimen110
\tagwidth@=\dimen111
\totwidth@=\dimen112
\lineht@=\dimen113
\@envbody=\toks19
\multlinegap=\skip44
\multlinetaggap=\skip45
\mathdisplay@stack=\toks20
LaTeX Info: Redefining \[ on input line 2665.
LaTeX Info: Redefining \] on input line 2666.
)
("C:\Program Files\MiKTeX 2.9\tex/latex\subfig\subfig.sty"
Package: subfig 2005/06/28 ver: 1.3 subfig package

("C:\Program Files\MiKTeX 2.9\tex/latex\caption\caption.sty"
Package: caption 2013/05/02 v3.3-89 Customizing captions (AR)

("C:\Program Files\MiKTeX 2.9\tex/latex\caption\caption3.sty"
Package: caption3 2013/05/02 v1.6-88 caption3 kernel (AR)
Package caption3 Info: TeX engine: e-TeX on input line 57.
\captionmargin=\dimen114
\captionmargin@=\dimen115
\captionwidth=\dimen116
\caption@tempdima=\dimen117
\caption@indent=\dimen118
\caption@parindent=\dimen119
\caption@hangindent=\dimen120
)
\c@ContinuedFloat=\count100
)
\c@KVtest=\count101
\sf@farskip=\skip46
\sf@captopadj=\dimen121
\sf@capskip=\skip47
\sf@nearskip=\skip48
\c@subfigure=\count102
\c@subfigure@save=\count103
\c@lofdepth=\count104
\c@subtable=\count105
\c@subtable@save=\count106
\c@lotdepth=\count107
\sf@top=\skip49
\sf@bottom=\skip50
)
("C:\Program Files\MiKTeX 2.9\tex/latex\url\url.sty"
\Urlmuskip=\muskip11
Package: url 2013/09/16  ver 3.4  Verb mode for urls, etc.
)
("C:\Program Files\MiKTeX 2.9\tex/latex\natbib\natbib.sty"
Package: natbib 2010/09/13 8.31b (PWD, AO)
\bibhang=\skip51
\bibsep=\skip52
LaTeX Info: Redefining \cite on input line 694.
\c@NAT@ctr=\count108
)
("C:\Program Files\MiKTeX 2.9\tex/latex\hyperref\hyperref.sty"
Package: hyperref 2012/11/06 v6.83m Hypertext links for LaTeX

("C:\Program Files\MiKTeX 2.9\tex/generic\oberdiek\hobsub-hyperref.sty"
Package: hobsub-hyperref 2012/04/25 v1.12 Bundle oberdiek, subset hyperref (HO)


("C:\Program Files\MiKTeX 2.9\tex/generic\oberdiek\hobsub-generic.sty"
Package: hobsub-generic 2012/04/25 v1.12 Bundle oberdiek, subset generic (HO)
Package: hobsub 2012/04/25 v1.12 Construct package bundles (HO)
Package hobsub Info: Skipping package `infwarerr' (already loaded).
Package hobsub Info: Skipping package `ltxcmds' (already loaded).
Package: ifluatex 2010/03/01 v1.3 Provides the ifluatex switch (HO)
Package ifluatex Info: LuaTeX not detected.
Package: ifvtex 2010/03/01 v1.5 Detect VTeX and its facilities (HO)
Package ifvtex Info: VTeX not detected.
Package: intcalc 2007/09/27 v1.1 Expandable calculations with integers (HO)
Package: ifpdf 2011/01/30 v2.3 Provides the ifpdf switch (HO)
Package ifpdf Info: pdfTeX in PDF mode is detected.
Package: etexcmds 2011/02/16 v1.5 Avoid name clashes with e-TeX commands (HO)
Package etexcmds Info: Could not find \expanded.
(etexcmds)             That can mean that you are not using pdfTeX 1.50 or
(etexcmds)             that some package has redefined \expanded.
(etexcmds)             In the latter case, load this package earlier.
Package: kvsetkeys 2012/04/25 v1.16 Key value parser (HO)
Package: kvdefinekeys 2011/04/07 v1.3 Define keys (HO)
Package: pdftexcmds 2011/11/29 v0.20 Utility functions of pdfTeX for LuaTeX (HO
)
Package pdftexcmds Info: LuaTeX not detected.
Package pdftexcmds Info: \pdf@primitive is available.
Package pdftexcmds Info: \pdf@ifprimitive is available.
Package pdftexcmds Info: \pdfdraftmode found.
Package: pdfescape 2011/11/25 v1.13 Implements pdfTeX's escape features (HO)
Package: bigintcalc 2012/04/08 v1.3 Expandable calculations on big integers (HO
)
Package: bitset 2011/01/30 v1.1 Handle bit-vector datatype (HO)
Package: uniquecounter 2011/01/30 v1.2 Provide unlimited unique counter (HO)
)
Package hobsub Info: Skipping package `hobsub' (already loaded).
Package: letltxmacro 2010/09/02 v1.4 Let assignment for LaTeX macros (HO)
Package: hopatch 2011/06/24 v1.1 Wrapper for package hooks (HO)
Package: xcolor-patch 2011/01/30 xcolor patch
Package: atveryend 2011/06/30 v1.8 Hooks at the very end of document (HO)
Package atveryend Info: \enddocument detected (standard20110627).
Package: atbegshi 2011/10/05 v1.16 At begin shipout hook (HO)
Package: refcount 2011/10/16 v3.4 Data extraction from label references (HO)
Package: hycolor 2011/01/30 v1.7 Color options for hyperref/bookmark (HO)
)
("C:\Program Files\MiKTeX 2.9\tex/generic\ifxetex\ifxetex.sty"
Package: ifxetex 2010/09/12 v0.6 Provides ifxetex conditional
)
("C:\Program Files\MiKTeX 2.9\tex/latex\oberdiek\auxhook.sty"
Package: auxhook 2011/03/04 v1.3 Hooks for auxiliary files (HO)
)
("C:\Program Files\MiKTeX 2.9\tex/latex\oberdiek\kvoptions.sty"
Package: kvoptions 2011/06/30 v3.11 Key value format for package options (HO)
)
\@linkdim=\dimen122
\Hy@linkcounter=\count109
\Hy@pagecounter=\count110

("C:\Program Files\MiKTeX 2.9\tex/latex\hyperref\pd1enc.def"
File: pd1enc.def 2012/11/06 v6.83m Hyperref: PDFDocEncoding definition (HO)
)
\Hy@SavedSpaceFactor=\count111

("C:\Program Files\MiKTeX 2.9\tex/latex\00miktex\hyperref.cfg"
File: hyperref.cfg 2002/06/06 v1.2 hyperref configuration of TeXLive
)
Package hyperref Info: Hyper figures OFF on input line 4443.
Package hyperref Info: Link nesting OFF on input line 4448.
Package hyperref Info: Hyper index ON on input line 4451.
Package hyperref Info: Plain pages OFF on input line 4458.
Package hyperref Info: Backreferencing OFF on input line 4463.
Package hyperref Info: Implicit mode ON; LaTeX internals redefined.
Package hyperref Info: Bookmarks ON on input line 4688.
\c@Hy@tempcnt=\count112
LaTeX Info: Redefining \url on input line 5041.
\XeTeXLinkMargin=\dimen123
\Fld@menulength=\count113
\Field@Width=\dimen124
\Fld@charsize=\dimen125
Package hyperref Info: Hyper figures OFF on input line 6295.
Package hyperref Info: Link nesting OFF on input line 6300.
Package hyperref Info: Hyper index ON on input line 6303.
Package hyperref Info: backreferencing OFF on input line 6310.
Package hyperref Info: Link coloring OFF on input line 6315.
Package hyperref Info: Link coloring with OCG OFF on input line 6320.
Package hyperref Info: PDF/A mode OFF on input line 6325.
LaTeX Info: Redefining \ref on input line 6365.
LaTeX Info: Redefining \pageref on input line 6369.
\Hy@abspage=\count114
\c@Item=\count115
\c@Hfootnote=\count116
)

Package hyperref Message: Driver (autodetected): hpdftex.

("C:\Program Files\MiKTeX 2.9\tex/latex\hyperref\hpdftex.def"
File: hpdftex.def 2012/11/06 v6.83m Hyperref driver for pdfTeX
\Fld@listcount=\count117
\c@bookmark@seq@number=\count118

("C:\Program Files\MiKTeX 2.9\tex/latex\oberdiek\rerunfilecheck.sty"
Package: rerunfilecheck 2011/04/15 v1.7 Rerun checks for auxiliary files (HO)
Package uniquecounter Info: New unique counter `rerunfilecheck' on input line 2
82.
)
\Hy@SectionHShift=\skip53
)
("C:\Program Files\MiKTeX 2.9\tex/latex\cleveref\cleveref.sty"
Package: cleveref 2013/12/28 v0.19 Intelligent cross-referencing
Package cleveref Info: `hyperref' support loaded on input line 2230.
LaTeX Info: Redefining \cref on input line 2230.
LaTeX Info: Redefining \Cref on input line 2230.
LaTeX Info: Redefining \crefrange on input line 2230.
LaTeX Info: Redefining \Crefrange on input line 2230.
LaTeX Info: Redefining \cpageref on input line 2230.
LaTeX Info: Redefining \Cpageref on input line 2230.
LaTeX Info: Redefining \cpagerefrange on input line 2230.
LaTeX Info: Redefining \Cpagerefrange on input line 2230.
LaTeX Info: Redefining \labelcref on input line 2230.
LaTeX Info: Redefining \labelcpageref on input line 2230.
Package cleveref Info: `subfig' support loaded on input line 2983.
)
(C:\Users\agomez\Dropbox\Harvard\LittleProjects\StochasticPS\Document\arxiv\arx
iv_EconomicComplexityTutorial.aux)
LaTeX Font Info:    Checking defaults for OML/cmm/m/it on input line 57.
LaTeX Font Info:    ... okay on input line 57.
LaTeX Font Info:    Checking defaults for T1/cmr/m/n on input line 57.
LaTeX Font Info:    ... okay on input line 57.
LaTeX Font Info:    Checking defaults for OT1/cmr/m/n on input line 57.
LaTeX Font Info:    ... okay on input line 57.
LaTeX Font Info:    Checking defaults for OMS/cmsy/m/n on input line 57.
LaTeX Font Info:    ... okay on input line 57.
LaTeX Font Info:    Checking defaults for OMX/cmex/m/n on input line 57.
LaTeX Font Info:    ... okay on input line 57.
LaTeX Font Info:    Checking defaults for U/cmr/m/n on input line 57.
LaTeX Font Info:    ... okay on input line 57.
LaTeX Font Info:    Checking defaults for PD1/pdf/m/n on input line 57.
LaTeX Font Info:    ... okay on input line 57.

("C:\Program Files\MiKTeX 2.9\tex\context\base\supp-pdf.mkii"
[Loading MPS to PDF converter (version 2006.09.02).]
\scratchcounter=\count119
\scratchdimen=\dimen126
\scratchbox=\box28
\nofMPsegments=\count120
\nofMParguments=\count121
\everyMPshowfont=\toks21
\MPscratchCnt=\count122
\MPscratchDim=\dimen127
\MPnumerator=\count123
\makeMPintoPDFobject=\count124
\everyMPtoPDFconversion=\toks22
)
Package caption Info: Begin \AtBeginDocument code.
Package caption Info: subfig package v1.3 is loaded.
Package caption Info: hyperref package is loaded.
Package caption Info: End \AtBeginDocument code.
\AtBeginShipoutBox=\box29
Package hyperref Info: Link coloring OFF on input line 57.
 ("C:\Program Files\MiKTeX 2.9\tex/latex\hyperref\nameref.sty"
Package: nameref 2012/10/27 v2.43 Cross-referencing by name of section

("C:\Program Files\MiKTeX 2.9\tex/generic\oberdiek\gettitlestring.sty"
Package: gettitlestring 2010/12/03 v1.4 Cleanup title references (HO)
)
\c@section@level=\count125
)
LaTeX Info: Redefining \ref on input line 57.
LaTeX Info: Redefining \pageref on input line 57.
LaTeX Info: Redefining \nameref on input line 57.

(C:\Users\agomez\Dropbox\Harvard\LittleProjects\StochasticPS\Document\arxiv\arx
iv_EconomicComplexityTutorial.out)
(C:\Users\agomez\Dropbox\Harvard\LittleProjects\StochasticPS\Document\arxiv\arx
iv_EconomicComplexityTutorial.out)
\@outlinefile=\write3


LaTeX Font Warning: Font shape `OT1/cmr/m/n' in size <24> not available
(Font)              size <24.88> substituted on input line 60.


LaTeX Font Warning: Font shape `OT1/cmr/bx/n' in size <24> not available
(Font)              size <24.88> substituted on input line 60.

LaTeX Font Info:    Try loading font information for U+msa on input line 60.
("C:\Program Files\MiKTeX 2.9\tex/latex\amsfonts\umsa.fd"
File: umsa.fd 2013/01/14 v3.01 AMS symbols A
)
LaTeX Font Info:    Try loading font information for U+msb on input line 60.

("C:\Program Files\MiKTeX 2.9\tex/latex\amsfonts\umsb.fd"
File: umsb.fd 2013/01/14 v3.01 AMS symbols B
) [1

{C:/Users/agomez/AppData/Local/MiKTeX/2.9/pdftex/config/pdftex.map}]
(C:\Users\agomez\Dropbox\Harvard\LittleProjects\StochasticPS\Document\arxiv\arx
iv_EconomicComplexityTutorial.toc)
\tf@toc=\write4
 [2] [3] [4] [5] [6] [7] [8] [9]
Overfull \hbox (10.45876pt too wide) detected at line 169
[] \OML/cmm/m/it/12 < [] \OMS/cmsy/m/n/12  []\OML/cmm/m/it/12 :
 []

<Fig_Model_param_comparison.png, id=178, 505.89pt x 289.08pt>
File: Fig_Model_param_comparison.png Graphic file (type png)

<use Fig_Model_param_comparison.png>
Package pdftex.def Info: Fig_Model_param_comparison.png used on input line 172.

(pdftex.def)             Requested size: 350.99762pt x 200.57257pt.
 [10] [11 <C:/Users/agomez/Dropbox/Harvard/LittleProjects/StochasticPS/Document
/arxiv/Fig_Model_param_comparison.png>]
[12] [13] [14] [15]
Overfull \hbox (14.97183pt too wide) in paragraph at lines 238--238
[]
 []


Overfull \hbox (35.29582pt too wide) in paragraph at lines 241--241
[]
 []

[16] [17] [18]
Overfull \hbox (0.64456pt too wide) in paragraph at lines 273--274
[]\OT1/cmr/m/n/12 As a first ob-ser-va-tion, sim-ple ma-trix rep-re-sen-ta-tion
s such as Equa-tion ([]12[])
 []

[19] [20] [21] [22] [23] [24] [25] [26] [27] [28] [29] [30]
<allfigs_uniform_wide.png, id=379, 1964.941pt x 763.653pt>
File: allfigs_uniform_wide.png Graphic file (type png)

<use allfigs_uniform_wide.png>
Package pdftex.def Info: allfigs_uniform_wide.png used on input line 434.
(pdftex.def)             Requested size: 390.0pt x 151.56265pt.

<allfigs_nested_wide.png, id=381, 1964.941pt x 763.653pt>
File: allfigs_nested_wide.png Graphic file (type png)

<use allfigs_nested_wide.png>
Package pdftex.def Info: allfigs_nested_wide.png used on input line 445.
(pdftex.def)             Requested size: 390.0pt x 151.56265pt.


LaTeX Warning: `h' float specifier changed to `ht'.

<allfigs_real_wide.png, id=382, 1964.941pt x 763.653pt>
File: allfigs_real_wide.png Graphic file (type png)

<use allfigs_real_wide.png>
Package pdftex.def Info: allfigs_real_wide.png used on input line 460.
(pdftex.def)             Requested size: 390.0pt x 151.56265pt.


LaTeX Warning: `h' float specifier changed to `ht'.

<Meip_figs.png, id=388, 1559.426pt x 713.064pt>
File: Meip_figs.png Graphic file (type png)
 <use Meip_figs.png>
Package pdftex.def Info: Meip_figs.png used on input line 483.
(pdftex.def)             Requested size: 386.10214pt x 176.54645pt.
 [31 <C:/Users/agomez/Dropbox/Harvard/LittleProjects/StochasticPS/Document/arxi
v/allfigs_uniform_wide.png>]

LaTeX Warning: `h' float specifier changed to `ht'.

[32 <C:/Users/agomez/Dropbox/Harvard/LittleProjects/StochasticPS/Document/arxiv
/allfigs_nested_wide.png>] [33 <C:/Users/agomez/Dropbox/Harvard/LittleProjects/
StochasticPS/Document/arxiv/allfigs_real_wide.png>] [34 <C:/Users/agomez/Dropbo
x/Harvard/LittleProjects/StochasticPS/Document/arxiv/Meip_figs.png>] [35]
[36]
LaTeX Font Info:    Try loading font information for OMS+cmr on input line 585.

 ("C:\Program Files\MiKTeX 2.9\tex/latex\base\omscmr.fd"
File: omscmr.fd 2014/09/29 v2.5h Standard LaTeX font definitions
)
LaTeX Font Info:    Font shape `OMS/cmr/m/n' in size <12> not available
(Font)              Font shape `OMS/cmsy/m/n' tried instead on input line 585.
 [37] [38]
[39] [40] [41] [42]
(C:\Users\agomez\Dropbox\Harvard\LittleProjects\StochasticPS\Document\arxiv\arx
iv_EconomicComplexityTutorial.bbl [43])
Package atveryend Info: Empty hook `BeforeClearDocument' on input line 687.
 [44]
Package atveryend Info: Empty hook `AfterLastShipout' on input line 687.

(C:\Users\agomez\Dropbox\Harvard\LittleProjects\StochasticPS\Document\arxiv\arx
iv_EconomicComplexityTutorial.aux)
Package atveryend Info: Executing hook `AtVeryEndDocument' on input line 687.
Package atveryend Info: Executing hook `AtEndAfterFileList' on input line 687.
Package rerunfilecheck Info: File `arxiv_EconomicComplexityTutorial.out' has no
t changed.
(rerunfilecheck)             Checksum: D1169689D32AB65657D86C8CF203EEA8;1130.


LaTeX Font Warning: Size substitutions with differences
(Font)              up to 0.88pt have occurred.

Package atveryend Info: Empty hook `AtVeryVeryEnd' on input line 687.
 ) 
Here is how much of TeX's memory you used:
 9093 strings out of 494467
 146731 string characters out of 3165098
 252310 words of memory out of 3000000
 12140 multiletter control sequences out of 15000+200000
 19004 words of font info for 70 fonts, out of 3000000 for 9000
 600 hyphenation exceptions out of 8191
 44i,19n,42p,1949b,479s stack positions out of 5000i,500n,10000p,200000b,50000s
<C:/Program Files/MiKTeX 2.9/fonts/type1/public/amsfonts/cm/cmbx10.pfb><C:/Pr
ogram Files/MiKTeX 2.9/fonts/type1/public/amsfonts/cm/cmbx12.pfb><C:/Program Fi
les/MiKTeX 2.9/fonts/type1/public/amsfonts/cm/cmbx8.pfb><C:/Program Files/MiKTe
X 2.9/fonts/type1/public/amsfonts/cm/cmbxti10.pfb><C:/Program Files/MiKTeX 2.9/
fonts/type1/public/amsfonts/cm/cmcsc10.pfb><C:/Program Files/MiKTeX 2.9/fonts/t
ype1/public/amsfonts/cm/cmex10.pfb><C:/Program Files/MiKTeX 2.9/fonts/type1/pub
lic/amsfonts/cm/cmmi10.pfb><C:/Program Files/MiKTeX 2.9/fonts/type1/public/amsf
onts/cm/cmmi12.pfb><C:/Program Files/MiKTeX 2.9/fonts/type1/public/amsfonts/cm/
cmmi6.pfb><C:/Program Files/MiKTeX 2.9/fonts/type1/public/amsfonts/cm/cmmi7.pfb
><C:/Program Files/MiKTeX 2.9/fonts/type1/public/amsfonts/cm/cmmi8.pfb><C:/Prog
ram Files/MiKTeX 2.9/fonts/type1/public/amsfonts/cm/cmmib10.pfb><C:/Program Fil
es/MiKTeX 2.9/fonts/type1/public/amsfonts/cm/cmr10.pfb><C:/Program Files/MiKTeX
 2.9/fonts/type1/public/amsfonts/cm/cmr12.pfb><C:/Program Files/MiKTeX 2.9/font
s/type1/public/amsfonts/cm/cmr6.pfb><C:/Program Files/MiKTeX 2.9/fonts/type1/pu
blic/amsfonts/cm/cmr7.pfb><C:/Program Files/MiKTeX 2.9/fonts/type1/public/amsfo
nts/cm/cmr8.pfb><C:/Program Files/MiKTeX 2.9/fonts/type1/public/amsfonts/cm/cms
y10.pfb><C:/Program Files/MiKTeX 2.9/fonts/type1/public/amsfonts/cm/cmsy6.pfb><
C:/Program Files/MiKTeX 2.9/fonts/type1/public/amsfonts/cm/cmsy8.pfb><C:/Progra
m Files/MiKTeX 2.9/fonts/type1/public/amsfonts/cm/cmti10.pfb><C:/Program Files/
MiKTeX 2.9/fonts/type1/public/amsfonts/cm/cmti12.pfb>
Output written on arxiv_EconomicComplexityTutorial.pdf (44 pages, 2038877 bytes
).
PDF statistics:
 595 PDF objects out of 1000 (max. 8388607)
 142 named destinations out of 1000 (max. 500000)
 138 words of extra memory for PDF output out of 10000 (max. 10000000)

